Watching for file changes with StatReloader
[08/Jul/2026 20:09:15] "GET /admin/login/ HTTP/1.1" 200 4135
[08/Jul/2026 20:09:15,714] - Broken pipe from ('127.0.0.1', 53397)
[08/Jul/2026 20:10:29] "GET /admin/ HTTP/1.1" 302 0
[08/Jul/2026 20:10:29] "GET /admin/login/?next=/admin/ HTTP/1.1" 200 4148
[08/Jul/2026 20:10:30] "GET /static/admin/css/base.css HTTP/1.1" 200 23100
[08/Jul/2026 20:10:30] "GET /static/admin/css/dark_mode.css HTTP/1.1" 200 3538
[08/Jul/2026 20:10:30] "GET /static/admin/css/login.css HTTP/1.1" 200 951
[08/Jul/2026 20:10:30] "GET /static/admin/css/responsive.css HTTP/1.1" 200 16273
[08/Jul/2026 20:10:30] "GET /static/admin/css/nav_sidebar.css HTTP/1.1" 200 2810
[08/Jul/2026 20:10:30] "GET /static/admin/js/theme.js HTTP/1.1" 200 1653
[08/Jul/2026 20:10:30] "GET /static/admin/js/nav_sidebar.js HTTP/1.1" 200 3063
Not Found: /favicon.ico
[08/Jul/2026 20:10:30] "GET /favicon.ico HTTP/1.1" 404 2749
[09/Jul/2026 14:55:18] "GET /admin HTTP/1.1" 301 0
[09/Jul/2026 14:55:18] "GET /admin/ HTTP/1.1" 302 0
[09/Jul/2026 14:55:18] "GET /admin/login/?next=/admin/ HTTP/1.1" 200 4148
[09/Jul/2026 14:55:18] "GET /static/admin/css/base.css HTTP/1.1" 200 23100
[09/Jul/2026 14:55:18] "GET /static/admin/css/dark_mode.css HTTP/1.1" 200 3538
[09/Jul/2026 14:55:18] "GET /static/admin/css/login.css HTTP/1.1" 200 951
[09/Jul/2026 14:55:18] "GET /static/admin/css/nav_sidebar.css HTTP/1.1" 200 2810
[09/Jul/2026 14:55:18] "GET /static/admin/css/responsive.css HTTP/1.1" 200 16273
[09/Jul/2026 14:55:18] "GET /static/admin/js/theme.js HTTP/1.1" 200 1653
[09/Jul/2026 14:55:19] "GET /static/admin/js/nav_sidebar.js HTTP/1.1" 200 3063
Not Found: /favicon.ico
[09/Jul/2026 14:55:19] "GET /favicon.ico HTTP/1.1" 404 2749
